<?xml version="1.0" encoding="UTF-8"?>
<!-- Generated by org.testng.reporters.JUnitReportReporter -->
<testsuite hostname="PC1602" failures="0" tests="1" name="com.qa.commoncode.browser" time="10.781" errors="0" timestamp="18 Jan 2019 13:54:11 GMT" skipped="0">
  <testcase classname="com.qa.commoncode.browser" name="executSessionOne" time="10.781"/>
</testsuite> <!-- com.qa.commoncode.browser -->
